This is XeTeX, Version 3.141592653-2.6-0.999993 (MiKTeX 21.12.10) (preloaded format=xelatex 2021.12.28)  28 DEC 2021 20:09
entering extended mode
 restricted \write18 enabled.
 %&-line parsing enabled.
**./aeer.tex
(aeer.tex
LaTeX2e <2021-11-15> patch level 1
L3 programming layer <2021-11-22> (C:\Users\RStudio\AppData\Local\Programs\MiKT
eX\tex/latex/base\book.cls
Document Class: book 2021/10/04 v1.4n Standard LaTeX document class
(C:\Users\RStudio\AppData\Local\Programs\MiKTeX\tex/latex/base\bk10.clo
File: bk10.clo 2021/10/04 v1.4n Standard LaTeX file (size option)
)
\c@part=\count179
\c@chapter=\count180
\c@section=\count181
\c@subsection=\count182
\c@subsubsection=\count183
\c@paragraph=\count184
\c@subparagraph=\count185
\c@figure=\count186
\c@table=\count187
\abovecaptionskip=\skip47
\belowcaptionskip=\skip48
\bibindent=\dimen138
) (C:\Users\RStudio\AppData\Local\Programs\MiKTeX\tex/latex/amsmath\amsmath.sty
Package: amsmath 2021/10/15 v2.17l AMS math features
\@mathmargin=\skip49
For additional information on amsmath, use the `?' option.
(C:\Users\RStudio\AppData\Local\Programs\MiKTeX\tex/latex/amsmath\amstext.sty
Package: amstext 2021/08/26 v2.01 AMS text
(C:\Users\RStudio\AppData\Local\Programs\MiKTeX\tex/latex/amsmath\amsgen.sty
File: amsgen.sty 1999/11/30 v2.0 generic functions
\@emptytoks=\toks16
\ex@=\dimen139
)) (C:\Users\RStudio\AppData\Local\Programs\MiKTeX\tex/latex/amsmath\amsbsy.sty
Package: amsbsy 1999/11/29 v1.2d Bold Symbols
\pmbraise@=\dimen140
) (C:\Users\RStudio\AppData\Local\Programs\MiKTeX\tex/latex/amsmath\amsopn.sty
Package: amsopn 2021/08/26 v2.02 operator names
)
\inf@bad=\count188
LaTeX Info: Redefining \frac on input line 234.
\uproot@=\count189
\leftroot@=\count190
LaTeX Info: Redefining \overline on input line 399.
\classnum@=\count191
\DOTSCASE@=\count192
LaTeX Info: Redefining \ldots on input line 496.
LaTeX Info: Redefining \dots on input line 499.
LaTeX Info: Redefining \cdots on input line 620.
\Mathstrutbox@=\box50
\strutbox@=\box51
\big@size=\dimen141
LaTeX Font Info:    Redeclaring font encoding OML on input line 743.
LaTeX Font Info:    Redeclaring font encoding OMS on input line 744.
\macc@depth=\count193
\c@MaxMatrixCols=\count194
\dotsspace@=\muskip16
\c@parentequation=\count195
\dspbrk@lvl=\count196
\tag@help=\toks17
\row@=\count197
\column@=\count198
\maxfields@=\count199
\andhelp@=\toks18
\eqnshift@=\dimen142
\alignsep@=\dimen143
\tagshift@=\dimen144
\tagwidth@=\dimen145
\totwidth@=\dimen146
\lineht@=\dimen147
\@envbody=\toks19
\multlinegap=\skip50
\multlinetaggap=\skip51
\mathdisplay@stack=\toks20
LaTeX Info: Redefining \[ on input line 2938.
LaTeX Info: Redefining \] on input line 2939.
) (C:\Users\RStudio\AppData\Local\Programs\MiKTeX\tex/latex/amsfonts\amssymb.st
y
Package: amssymb 2013/01/14 v3.01 AMS font symbols

(C:\Users\RStudio\AppData\Local\Programs\MiKTeX\tex/latex/amsfonts\amsfonts.sty
Package: amsfonts 2013/01/14 v3.01 Basic AMSFonts support
\symAMSa=\mathgroup4
\symAMSb=\mathgroup5
LaTeX Font Info:    Redeclaring math symbol \hbar on input line 98.
LaTeX Font Info:    Overwriting math alphabet `\mathfrak' in version `bold'
(Font)                  U/euf/m/n --> U/euf/b/n on input line 106.
)) (C:\Users\RStudio\AppData\Local\Programs\MiKTeX\tex/latex/lm\lmodern.sty
Package: lmodern 2009/10/30 v1.6 Latin Modern Fonts
LaTeX Font Info:    Overwriting symbol font `operators' in version `normal'
(Font)                  OT1/cmr/m/n --> OT1/lmr/m/n on input line 22.
LaTeX Font Info:    Overwriting symbol font `letters' in version `normal'
(Font)                  OML/cmm/m/it --> OML/lmm/m/it on input line 23.
LaTeX Font Info:    Overwriting symbol font `symbols' in version `normal'
(Font)                  OMS/cmsy/m/n --> OMS/lmsy/m/n on input line 24.
LaTeX Font Info:    Overwriting symbol font `largesymbols' in version `normal'
(Font)                  OMX/cmex/m/n --> OMX/lmex/m/n on input line 25.
LaTeX Font Info:    Overwriting symbol font `operators' in version `bold'
(Font)                  OT1/cmr/bx/n --> OT1/lmr/bx/n on input line 26.
LaTeX Font Info:    Overwriting symbol font `letters' in version `bold'
(Font)                  OML/cmm/b/it --> OML/lmm/b/it on input line 27.
LaTeX Font Info:    Overwriting symbol font `symbols' in version `bold'
(Font)                  OMS/cmsy/b/n --> OMS/lmsy/b/n on input line 28.
LaTeX Font Info:    Overwriting symbol font `largesymbols' in version `bold'
(Font)                  OMX/cmex/m/n --> OMX/lmex/m/n on input line 29.
LaTeX Font Info:    Overwriting math alphabet `\mathbf' in version `normal'
(Font)                  OT1/cmr/bx/n --> OT1/lmr/bx/n on input line 31.
LaTeX Font Info:    Overwriting math alphabet `\mathsf' in version `normal'
(Font)                  OT1/cmss/m/n --> OT1/lmss/m/n on input line 32.
LaTeX Font Info:    Overwriting math alphabet `\mathit' in version `normal'
(Font)                  OT1/cmr/m/it --> OT1/lmr/m/it on input line 33.
LaTeX Font Info:    Overwriting math alphabet `\mathtt' in version `normal'
(Font)                  OT1/cmtt/m/n --> OT1/lmtt/m/n on input line 34.
LaTeX Font Info:    Overwriting math alphabet `\mathbf' in version `bold'
(Font)                  OT1/cmr/bx/n --> OT1/lmr/bx/n on input line 35.
LaTeX Font Info:    Overwriting math alphabet `\mathsf' in version `bold'
(Font)                  OT1/cmss/bx/n --> OT1/lmss/bx/n on input line 36.
LaTeX Font Info:    Overwriting math alphabet `\mathit' in version `bold'
(Font)                  OT1/cmr/bx/it --> OT1/lmr/bx/it on input line 37.
LaTeX Font Info:    Overwriting math alphabet `\mathtt' in version `bold'
(Font)                  OT1/cmtt/m/n --> OT1/lmtt/m/n on input line 38.
) (C:\Users\RStudio\AppData\Local\Programs\MiKTeX\tex/generic/iftex\iftex.sty
Package: iftex 2020/03/06 v1.0d TeX engine tests
)
(C:\Users\RStudio\AppData\Local\Programs\MiKTeX\tex/latex/unicode-math\unicode-
math.sty (C:\Users\RStudio\AppData\Local\Programs\MiKTeX\tex/latex/l3kernel\exp
l3.sty
Package: expl3 2021-11-22 L3 programming layer (loader) 

(C:\Users\RStudio\AppData\Local\Programs\MiKTeX\tex/latex/l3backend\l3backend-x
etex.def
File: l3backend-xetex.def 2021-12-14 L3 backend support: XeTeX
()
\c__kernel_sys_dvipdfmx_version_int=\count266
\l__color_backend_stack_int=\count267
\g__color_backend_stack_int=\count268
\g__graphics_track_int=\count269
\l__pdf_internal_box=\box52
\g__pdf_backend_object_int=\count270
\g__pdf_backend_annotation_int=\count271
\g__pdf_backend_link_int=\count272
))
Package: unicode-math 2020/01/31 v0.8q Unicode maths in XeLaTeX and LuaLaTeX

(C:\Users\RStudio\AppData\Local\Programs\MiKTeX\tex/latex/unicode-math\unicode-
math-xetex.sty
Package: unicode-math-xetex 2020/01/31 v0.8q Unicode maths in XeLaTeX and LuaLa
TeX

(C:\Users\RStudio\AppData\Local\Programs\MiKTeX\tex/latex/l3packages/xparse\xpa
rse.sty
Package: xparse 2021-11-12 L3 Experimental document command parser
)
(C:\Users\RStudio\AppData\Local\Programs\MiKTeX\tex/latex/l3packages/l3keys2e\l
3keys2e.sty
Package: l3keys2e 2021-11-12 LaTeX2e option processing using LaTeX3 keys
)
(C:\Users\RStudio\AppData\Local\Programs\MiKTeX\tex/latex/fontspec\fontspec.sty
Package: fontspec 2020/02/21 v2.7i Font selection for XeLaTeX and LuaLaTeX

(C:\Users\RStudio\AppData\Local\Programs\MiKTeX\tex/latex/fontspec\fontspec-xet
ex.sty
Package: fontspec-xetex 2020/02/21 v2.7i Font selection for XeLaTeX and LuaLaTe
X
\l__fontspec_script_int=\count273
\l__fontspec_language_int=\count274
\l__fontspec_strnum_int=\count275
\l__fontspec_tmp_int=\count276
\l__fontspec_tmpa_int=\count277
\l__fontspec_tmpb_int=\count278
\l__fontspec_tmpc_int=\count279
\l__fontspec_em_int=\count280
\l__fontspec_emdef_int=\count281
\l__fontspec_strong_int=\count282
\l__fontspec_strongdef_int=\count283
\l__fontspec_tmpa_dim=\dimen148
\l__fontspec_tmpb_dim=\dimen149
\l__fontspec_tmpc_dim=\dimen150
(C:\Users\RStudio\AppData\Local\Programs\MiKTeX\tex/latex/base\fontenc.sty
Package: fontenc 2021/04/29 v2.0v Standard LaTeX package
)
(C:\Users\RStudio\AppData\Local\Programs\MiKTeX\tex/latex/fontspec\fontspec.cfg
))) (C:\Users\RStudio\AppData\Local\Programs\MiKTeX\tex/latex/base\fix-cm.sty
Package: fix-cm 2020/11/24 v1.1t fixes to LaTeX
(C:\Users\RStudio\AppData\Local\Programs\MiKTeX\tex/latex/base\ts1enc.def
File: ts1enc.def 2001/06/05 v3.0e (jk/car/fm) Standard LaTeX file
LaTeX Font Info:    Redeclaring font encoding TS1 on input line 47.
))
\g__um_fam_int=\count284
\g__um_fonts_used_int=\count285
\l__um_primecount_int=\count286
\g__um_primekern_muskip=\muskip17

(C:\Users\RStudio\AppData\Local\Programs\MiKTeX\tex/latex/unicode-math\unicode-
math-table.tex))) (C:\Users\RStudio\AppData\Local\Programs\MiKTeX\tex/latex/upq
uote\upquote.sty
Package: upquote 2012/04/19 v1.3 upright-quote and grave-accent glyphs in verba
tim
(C:\Users\RStudio\AppData\Local\Programs\MiKTeX\tex/latex/base\textcomp.sty
Package: textcomp 2020/02/02 v2.0n Standard LaTeX package
))
(C:\Users\RStudio\AppData\Local\Programs\MiKTeX\tex/latex/microtype\microtype.s
ty
Package: microtype 2021/12/10 v3.0b Micro-typographical refinements (RS)
(C:\Users\RStudio\AppData\Local\Programs\MiKTeX\tex/latex/graphics\keyval.sty
Package: keyval 2014/10/28 v1.15 key=value parser (DPC)
\KV@toks@=\toks21
)
(C:\Users\RStudio\AppData\Local\Programs\MiKTeX\tex/latex/etoolbox\etoolbox.sty
Package: etoolbox 2020/10/05 v2.5k e-TeX tools for LaTeX (JAW)
\etb@tempcnta=\count287
)
\MT@toks=\toks22
\MT@count=\count288
\MT@tempbox=\box53
LaTeX Info: Redefining \leftprotrusion on input line 1010.
LaTeX Info: Redefining \rightprotrusion on input line 1018.
LaTeX Info: Redefining \textls on input line 1173.
\MT@outer@kern=\dimen151
LaTeX Info: Redefining \textmicrotypecontext on input line 1759.
\MT@listname@count=\count289

(C:\Users\RStudio\AppData\Local\Programs\MiKTeX\tex/latex/microtype\microtype-x
etex.def
File: microtype-xetex.def 2021/12/10 v3.0b Definitions specific to xetex (RS)
LaTeX Info: Redefining \lsstyle on input line 234.
)
Package microtype Info: Loading configuration file microtype.cfg.

(C:\Users\RStudio\AppData\Local\Programs\MiKTeX\tex/latex/microtype\microtype.c
fg
File: microtype.cfg 2021/12/10 v3.0b microtype main configuration file (RS)
)) (C:\Users\RStudio\AppData\Local\Programs\MiKTeX\tex/latex/parskip\parskip.st
y
Package: parskip 2021-03-14 v2.0h non-zero parskip adjustments

(C:\Users\RStudio\AppData\Local\Programs\MiKTeX\tex/latex/kvoptions\kvoptions.s
ty
Package: kvoptions 2020-10-07 v3.14 Key value format for package options (HO)

(C:\Users\RStudio\AppData\Local\Programs\MiKTeX\tex/generic/ltxcmds\ltxcmds.sty
Package: ltxcmds 2020-05-10 v1.25 LaTeX kernel commands for general use (HO)
)
(C:\Users\RStudio\AppData\Local\Programs\MiKTeX\tex/generic/kvsetkeys\kvsetkeys
.sty
Package: kvsetkeys 2019/12/15 v1.18 Key value parser (HO)
))) (C:\Users\RStudio\AppData\Local\Programs\MiKTeX\tex/latex/xcolor\xcolor.sty
Package: xcolor 2021/10/31 v2.13 LaTeX color extensions (UK)

(C:\Users\RStudio\AppData\Local\Programs\MiKTeX\tex/latex/graphics-cfg\color.cf
g
File: color.cfg 2016/01/02 v1.6 sample color configuration
)
Package xcolor Info: Driver file: xetex.def on input line 227.

(C:\Users\RStudio\AppData\Local\Programs\MiKTeX\tex/latex/graphics-def\xetex.de
f
File: xetex.def 2021/03/18 v5.0k Graphics/color driver for xetex
)
Package xcolor Info: Model `cmy' substituted by `cmy0' on input line 1352.
Package xcolor Info: Model `RGB' extended on input line 1368.
Package xcolor Info: Model `HTML' substituted by `rgb' on input line 1370.
Package xcolor Info: Model `Hsb' substituted by `hsb' on input line 1371.
Package xcolor Info: Model `tHsb' substituted by `hsb' on input line 1372.
Package xcolor Info: Model `HSB' substituted by `hsb' on input line 1373.
Package xcolor Info: Model `Gray' substituted by `gray' on input line 1374.
Package xcolor Info: Model `wave' substituted by `hsb' on input line 1375.

(C:\Users\RStudio\AppData\Local\Programs\MiKTeX\tex/latex/graphics\dvipsnam.def
File: dvipsnam.def 2016/06/17 v3.0m Driver-dependent file (DPC,SPQR)
) (C:\Users\RStudio\AppData\Local\Programs\MiKTeX\tex/latex/xcolor\svgnam.def
File: svgnam.def 2021/10/31 v2.13 Predefined colors according to SVG 1.1 (UK)
) (C:\Users\RStudio\AppData\Local\Programs\MiKTeX\tex/latex/xcolor\x11nam.def
File: x11nam.def 2021/10/31 v2.13 Predefined colors according to Unix/X11 (UK)
)) (C:\Users\RStudio\AppData\Local\Programs\MiKTeX\tex/latex/xurl\xurl.sty
Package: xurl 2020/12/30 v 0.09a modify URL breaks
(C:\Users\RStudio\AppData\Local\Programs\MiKTeX\tex/latex/url\url.sty
\Urlmuskip=\muskip18
Package: url 2013/09/16  ver 3.4  Verb mode for urls, etc.
))
(C:\Users\RStudio\AppData\Local\Programs\MiKTeX\tex/latex/bookmark\bookmark.sty
Package: bookmark 2020-11-06 v1.29 PDF bookmarks (HO)

(C:\Users\RStudio\AppData\Local\Programs\MiKTeX\tex/latex/hyperref\hyperref.sty
Package: hyperref 2021-06-07 v7.00m Hypertext links for LaTeX

(C:\Users\RStudio\AppData\Local\Programs\MiKTeX\tex/generic/pdftexcmds\pdftexcm
ds.sty
Package: pdftexcmds 2020-06-27 v0.33 Utility functions of pdfTeX for LuaTeX (HO
)

(C:\Users\RStudio\AppData\Local\Programs\MiKTeX\tex/generic/infwarerr\infwarerr
.sty
Package: infwarerr 2019/12/03 v1.5 Providing info/warning/error messages (HO)
)
Package pdftexcmds Info: \pdf@primitive is available.
Package pdftexcmds Info: \pdf@ifprimitive is available.
Package pdftexcmds Info: \pdfdraftmode not found.
)
(C:\Users\RStudio\AppData\Local\Programs\MiKTeX\tex/generic/kvdefinekeys\kvdefi
nekeys.sty
Package: kvdefinekeys 2019-12-19 v1.6 Define keys (HO)
)
(C:\Users\RStudio\AppData\Local\Programs\MiKTeX\tex/generic/pdfescape\pdfescape
.sty
Package: pdfescape 2019/12/09 v1.15 Implements pdfTeX's escape features (HO)
) (C:\Users\RStudio\AppData\Local\Programs\MiKTeX\tex/latex/hycolor\hycolor.sty
Package: hycolor 2020-01-27 v1.10 Color options for hyperref/bookmark (HO)
)
(C:\Users\RStudio\AppData\Local\Programs\MiKTeX\tex/latex/letltxmacro\letltxmac
ro.sty
Package: letltxmacro 2019/12/03 v1.6 Let assignment for LaTeX macros (HO)
) (C:\Users\RStudio\AppData\Local\Programs\MiKTeX\tex/latex/auxhook\auxhook.sty
Package: auxhook 2019-12-17 v1.6 Hooks for auxiliary files (HO)
)
\@linkdim=\dimen152
\Hy@linkcounter=\count290
\Hy@pagecounter=\count291
(C:\Users\RStudio\AppData\Local\Programs\MiKTeX\tex/latex/hyperref\pd1enc.def
File: pd1enc.def 2021-06-07 v7.00m Hyperref: PDFDocEncoding definition (HO)
)
(C:\Users\RStudio\AppData\Local\Programs\MiKTeX\tex/latex/hyperref\hyperref-lan
gpatches.def
File: hyperref-langpatches.def 2021-06-07 v7.00m Hyperref: patches for babel la
nguages
)
(C:\Users\RStudio\AppData\Local\Programs\MiKTeX\tex/generic/intcalc\intcalc.sty
Package: intcalc 2019/12/15 v1.3 Expandable calculations with integers (HO)
)
(C:\Users\RStudio\AppData\Local\Programs\MiKTeX\tex/generic/etexcmds\etexcmds.s
ty
Package: etexcmds 2019/12/15 v1.7 Avoid name clashes with e-TeX commands (HO)
)
\Hy@SavedSpaceFactor=\count292
(C:\Users\RStudio\AppData\Local\Programs\MiKTeX\tex/latex/hyperref\puenc.def
File: puenc.def 2021-06-07 v7.00m Hyperref: PDF Unicode definition (HO)
)
Package hyperref Info: Option `unicode' set `true' on input line 4073.
Package hyperref Info: Hyper figures OFF on input line 4192.
Package hyperref Info: Link nesting OFF on input line 4197.
Package hyperref Info: Hyper index ON on input line 4200.
Package hyperref Info: Plain pages OFF on input line 4207.
Package hyperref Info: Backreferencing OFF on input line 4212.
Package hyperref Info: Implicit mode ON; LaTeX internals redefined.
Package hyperref Info: Bookmarks ON on input line 4445.
\c@Hy@tempcnt=\count293
LaTeX Info: Redefining \url on input line 4804.
\XeTeXLinkMargin=\dimen153
(C:\Users\RStudio\AppData\Local\Programs\MiKTeX\tex/generic/bitset\bitset.sty
Package: bitset 2019/12/09 v1.3 Handle bit-vector datatype (HO)

(C:\Users\RStudio\AppData\Local\Programs\MiKTeX\tex/generic/bigintcalc\bigintca
lc.sty
Package: bigintcalc 2019/12/15 v1.5 Expandable calculations on big integers (HO
)
))
\Fld@menulength=\count294
\Field@Width=\dimen154
\Fld@charsize=\dimen155
Package hyperref Info: Hyper figures OFF on input line 6076.
Package hyperref Info: Link nesting OFF on input line 6081.
Package hyperref Info: Hyper index ON on input line 6084.
Package hyperref Info: backreferencing OFF on input line 6091.
Package hyperref Info: Link coloring OFF on input line 6096.
Package hyperref Info: Link coloring with OCG OFF on input line 6101.
Package hyperref Info: PDF/A mode OFF on input line 6106.
LaTeX Info: Redefining \ref on input line 6146.
LaTeX Info: Redefining \pageref on input line 6150.

(C:\Users\RStudio\AppData\Local\Programs\MiKTeX\tex/latex/base\atbegshi-ltx.sty
Package: atbegshi-ltx 2021/01/10 v1.0c Emulation of the original atbegshi
package with kernel methods
)
\Hy@abspage=\count295
\c@Item=\count296
\c@Hfootnote=\count297
)
Package hyperref Info: Driver (autodetected): hxetex.
(C:\Users\RStudio\AppData\Local\Programs\MiKTeX\tex/latex/hyperref\hxetex.def
File: hxetex.def 2021-06-07 v7.00m Hyperref driver for XeTeX

(C:\Users\RStudio\AppData\Local\Programs\MiKTeX\tex/generic/stringenc\stringenc
.sty
Package: stringenc 2019/11/29 v1.12 Convert strings between diff. encodings (HO
)
)
\pdfm@box=\box54
\c@Hy@AnnotLevel=\count298
\HyField@AnnotCount=\count299
\Fld@listcount=\count300
\c@bookmark@seq@number=\count301

(C:\Users\RStudio\AppData\Local\Programs\MiKTeX\tex/latex/rerunfilecheck\rerunf
ilecheck.sty
Package: rerunfilecheck 2019/12/05 v1.9 Rerun checks for auxiliary files (HO)

(C:\Users\RStudio\AppData\Local\Programs\MiKTeX\tex/latex/base\atveryend-ltx.st
y
Package: atveryend-ltx 2020/08/19 v1.0a Emulation of the original atveryend pac
kage
with kernel methods
)
(C:\Users\RStudio\AppData\Local\Programs\MiKTeX\tex/generic/uniquecounter\uniqu
ecounter.sty
Package: uniquecounter 2019/12/15 v1.4 Provide unlimited unique counter (HO)
)
Package uniquecounter Info: New unique counter `rerunfilecheck' on input line 2
86.
)
\Hy@SectionHShift=\skip52
)
(C:\Users\RStudio\AppData\Local\Programs\MiKTeX\tex/latex/bookmark\bkm-dvipdfm.
def
File: bkm-dvipdfm.def 2020-11-06 v1.29 bookmark driver for dvipdfm (HO)
\BKM@id=\count302
))
Package hyperref Info: Option `colorlinks' set `true' on input line 51.

(C:\Users\RStudio\AppData\Local\Programs\MiKTeX\tex/latex/fancyvrb\fancyvrb.sty
Package: fancyvrb 2021/12/21 4.1b verbatim text (tvz,hv)
\FV@CodeLineNo=\count303
\FV@InFile=\read2
\FV@TabBox=\box55
\c@FancyVerbLine=\count304
\FV@StepNumber=\count305
\FV@OutFile=\write3
) (C:\Users\RStudio\AppData\Local\Programs\MiKTeX\tex/latex/framed\framed.sty
Package: framed 2011/10/22 v 0.96: framed or shaded text with page breaks
\OuterFrameSep=\skip53
\fb@frw=\dimen156
\fb@frh=\dimen157
\FrameRule=\dimen158
\FrameSep=\dimen159
) (C:\Users\RStudio\AppData\Local\Programs\MiKTeX\tex/latex/tools\longtable.sty
Package: longtable 2021-09-01 v4.17 Multi-page Table package (DPC)
\LTleft=\skip54
\LTright=\skip55
\LTpre=\skip56
\LTpost=\skip57
\LTchunksize=\count306
\LTcapwidth=\dimen160
\LT@head=\box56
\LT@firsthead=\box57
\LT@foot=\box58
\LT@lastfoot=\box59
\LT@gbox=\box60
\LT@cols=\count307
\LT@rows=\count308
\c@LT@tables=\count309
\c@LT@chunks=\count310
\LT@p@ftn=\toks23
)
(C:\Users\RStudio\AppData\Local\Programs\MiKTeX\tex/latex/booktabs\booktabs.sty
Package: booktabs 2020/01/12 v1.61803398 Publication quality tables
\heavyrulewidth=\dimen161
\lightrulewidth=\dimen162
\cmidrulewidth=\dimen163
\belowrulesep=\dimen164
\belowbottomsep=\dimen165
\aboverulesep=\dimen166
\abovetopsep=\dimen167
\cmidrulesep=\dimen168
\cmidrulekern=\dimen169
\defaultaddspace=\dimen170
\@cmidla=\count311
\@cmidlb=\count312
\@aboverulesep=\dimen171
\@belowrulesep=\dimen172
\@thisruleclass=\count313
\@lastruleclass=\count314
\@thisrulewidth=\dimen173
) (C:\Users\RStudio\AppData\Local\Programs\MiKTeX\tex/latex/tools\array.sty
Package: array 2021/10/04 v2.5f Tabular extension package (FMi)
\col@sep=\dimen174
\ar@mcellbox=\box61
\extrarowheight=\dimen175
\NC@list=\toks24
\extratabsurround=\skip58
\backup@length=\skip59
\ar@cellbox=\box62
) (C:\Users\RStudio\AppData\Local\Programs\MiKTeX\tex/latex/tools\calc.sty
Package: calc 2017/05/25 v4.3 Infix arithmetic (KKT,FJ)
\calc@Acount=\count315
\calc@Bcount=\count316
\calc@Adimen=\dimen176
\calc@Bdimen=\dimen177
\calc@Askip=\skip60
\calc@Bskip=\skip61
LaTeX Info: Redefining \setlength on input line 80.
LaTeX Info: Redefining \addtolength on input line 81.
\calc@Ccount=\count317
\calc@Cskip=\skip62
)
(C:\Users\RStudio\AppData\Local\Programs\MiKTeX\tex/latex/footnotehyper\footnot
ehyper.sty
Package: footnotehyper 2021/08/13 v1.1e hyperref aware footnote.sty (JFB)
\FNH@notes=\box63
\FNH@width=\dimen178
\FNH@toks=\toks25
)
(C:\Users\RStudio\AppData\Local\Programs\MiKTeX\tex/latex/graphics\graphicx.sty
Package: graphicx 2021/09/16 v1.2d Enhanced LaTeX Graphics (DPC,SPQR)

(C:\Users\RStudio\AppData\Local\Programs\MiKTeX\tex/latex/graphics\graphics.sty
Package: graphics 2021/03/04 v1.4d Standard LaTeX Graphics (DPC,SPQR)
(C:\Users\RStudio\AppData\Local\Programs\MiKTeX\tex/latex/graphics\trig.sty
Package: trig 2021/08/11 v1.11 sin cos tan (DPC)
)
(C:\Users\RStudio\AppData\Local\Programs\MiKTeX\tex/latex/graphics-cfg\graphics
.cfg
File: graphics.cfg 2016/06/04 v1.11 sample graphics configuration
)
Package graphics Info: Driver file: xetex.def on input line 107.
)
\Gin@req@height=\dimen179
\Gin@req@width=\dimen180
)
LaTeX Info: Redefining \href on input line 117.
(C:\Users\RStudio\AppData\Local\Programs\MiKTeX\tex/generic/babel\babel.sty
Package: babel 2021/11/29 3.67 The Babel package
\babel@savecnt=\count318
\U@D=\dimen181
\l@unhyphenated=\language79
(C:\Users\RStudio\AppData\Local\Programs\MiKTeX\tex/generic/babel\xebabel.def (
C:\Users\RStudio\AppData\Local\Programs\MiKTeX\tex/generic/babel\txtbabel.def))
\bbl@readstream=\read3
\bbl@dirlevel=\count319
*************************************
* Local config file bblopts.cfg used
*
(C:\Users\RStudio\AppData\Local\Programs\MiKTeX\tex/latex/arabi\bblopts.cfg
File: bblopts.cfg 2005/09/08 v0.1 add Arabic and Farsi to "declared" options of
 babel
)
(C:\Users\RStudio\AppData\Local\Programs\MiKTeX\tex/latex/babel-hungarian\magya
r.ldf
Invalid UTF-8 byte or sequence at line 62 replaced by U+FFFD.
Invalid UTF-8 byte or sequence at line 62 replaced by U+FFFD.
Language: magyar 2019/01/14 v1.5c Magyar (Hungarian) support for babel
Invalid UTF-8 byte or sequence at line 163 replaced by U+FFFD.
Invalid UTF-8 byte or sequence at line 1329 replaced by U+FFFD.
Invalid UTF-8 byte or sequence at line 1329 replaced by U+FFFD.
Invalid UTF-8 byte or sequence at line 1329 replaced by U+FFFD.
Invalid UTF-8 byte or sequence at line 1434 replaced by U+FFFD.
Invalid UTF-8 byte or sequence at line 1434 replaced by U+FFFD.
Invalid UTF-8 byte or sequence at line 1434 replaced by U+FFFD.
Invalid UTF-8 byte or sequence at line 1498 replaced by U+FFFD.
Invalid UTF-8 byte or sequence at line 1653 replaced by U+FFFD.
Invalid UTF-8 byte or sequence at line 1653 replaced by U+FFFD.
Invalid UTF-8 byte or sequence at line 1653 replaced by U+FFFD.
Invalid UTF-8 byte or sequence at line 1653 replaced by U+FFFD.
Invalid UTF-8 byte or sequence at line 1670 replaced by U+FFFD.
Invalid UTF-8 byte or sequence at line 1670 replaced by U+FFFD.
Invalid UTF-8 byte or sequence at line 1742 replaced by U+FFFD.
Invalid UTF-8 byte or sequence at line 1859 replaced by U+FFFD.
Invalid UTF-8 byte or sequence at line 1900 replaced by U+FFFD.
Invalid UTF-8 byte or sequence at line 1900 replaced by U+FFFD.
Invalid UTF-8 byte or sequence at line 1903 replaced by U+FFFD.
Invalid UTF-8 byte or sequence at line 1903 replaced by U+FFFD.
Invalid UTF-8 byte or sequence at line 1903 replaced by U+FFFD.
Invalid UTF-8 byte or sequence at line 1903 replaced by U+FFFD.
\c@enumv=\count320
Package babel Info: Making ; an active character on input line 2791.
Package babel Info: Making ! an active character on input line 2793.
Package babel Info: Making ? an active character on input line 2799.
Package babel Info: Making : an active character on input line 2801.
Package babel Info: Making ` an active character on input line 2819.
Invalid UTF-8 byte or sequence at line 2835 replaced by U+FFFD.
Invalid UTF-8 byte or sequence at line 2835 replaced by U+FFFD.
Invalid UTF-8 byte or sequence at line 2841 replaced by U+FFFD.
Invalid UTF-8 byte or sequence at line 2841 replaced by U+FFFD.
Invalid UTF-8 byte or sequence at line 2842 replaced by U+FFFD.
Invalid UTF-8 byte or sequence at line 2842 replaced by U+FFFD.
Invalid UTF-8 byte or sequence at line 2842 replaced by U+FFFD.
Invalid UTF-8 byte or sequence at line 2846 replaced by U+FFFD.
Invalid UTF-8 byte or sequence at line 2846 replaced by U+FFFD.
Invalid UTF-8 byte or sequence at line 2852 replaced by U+FFFD.
Invalid UTF-8 byte or sequence at line 2852 replaced by U+FFFD.
Invalid UTF-8 byte or sequence at line 2853 replaced by U+FFFD.
Invalid UTF-8 byte or sequence at line 2932 replaced by U+FFFD.
Invalid UTF-8 byte or sequence at line 2941 replaced by U+FFFD.
Invalid UTF-8 byte or sequence at line 2961 replaced by U+FFFD.
Invalid UTF-8 byte or sequence at line 2965 replaced by U+FFFD.
Invalid UTF-8 byte or sequence at line 2965 replaced by U+FFFD.
Invalid UTF-8 byte or sequence at line 2992 replaced by U+FFFD.
Invalid UTF-8 byte or sequence at line 2992 replaced by U+FFFD.
Invalid UTF-8 byte or sequence at line 3010 replaced by U+FFFD.
Invalid UTF-8 byte or sequence at line 3027 replaced by U+FFFD.
Invalid UTF-8 byte or sequence at line 3031 replaced by U+FFFD.
Invalid UTF-8 byte or sequence at line 3031 replaced by U+FFFD.
Invalid UTF-8 byte or sequence at line 3058 replaced by U+FFFD.
Invalid UTF-8 byte or sequence at line 3058 replaced by U+FFFD.
Invalid UTF-8 byte or sequence at line 3149 replaced by U+FFFD.
Invalid UTF-8 byte or sequence at line 3545 replaced by U+FFFD.
Invalid UTF-8 byte or sequence at line 3547 replaced by U+FFFD.
Invalid UTF-8 byte or sequence at line 3548 replaced by U+FFFD.
Invalid UTF-8 byte or sequence at line 3549 replaced by U+FFFD.
Invalid UTF-8 byte or sequence at line 3549 replaced by U+FFFD.
Invalid UTF-8 byte or sequence at line 3551 replaced by U+FFFD.
Invalid UTF-8 byte or sequence at line 3552 replaced by U+FFFD.
Invalid UTF-8 byte or sequence at line 3557 replaced by U+FFFD.
Invalid UTF-8 byte or sequence at line 3558 replaced by U+FFFD.
Invalid UTF-8 byte or sequence at line 3559 replaced by U+FFFD.
Invalid UTF-8 byte or sequence at line 3560 replaced by U+FFFD.
Invalid UTF-8 byte or sequence at line 3561 replaced by U+FFFD.
Invalid UTF-8 byte or sequence at line 3561 replaced by U+FFFD.
Invalid UTF-8 byte or sequence at line 3774 replaced by U+FFFD.
Invalid UTF-8 byte or sequence at line 3774 replaced by U+FFFD.
Invalid UTF-8 byte or sequence at line 3784 replaced by U+FFFD.
Invalid UTF-8 byte or sequence at line 3784 replaced by U+FFFD.
Invalid UTF-8 byte or sequence at line 3790 replaced by U+FFFD.
Invalid UTF-8 byte or sequence at line 4129 replaced by U+FFFD.
Invalid UTF-8 byte or sequence at line 4136 replaced by U+FFFD.
Invalid UTF-8 byte or sequence at line 4136 replaced by U+FFFD.
Invalid UTF-8 byte or sequence at line 4136 replaced by U+FFFD.
Invalid UTF-8 byte or sequence at line 4136 replaced by U+FFFD.
Invalid UTF-8 byte or sequence at line 4136 replaced by U+FFFD.
Invalid UTF-8 byte or sequence at line 4136 replaced by U+FFFD.
Invalid UTF-8 byte or sequence at line 4137 replaced by U+FFFD.
Invalid UTF-8 byte or sequence at line 4138 replaced by U+FFFD.
Invalid UTF-8 byte or sequence at line 4141 replaced by U+FFFD.
Invalid UTF-8 byte or sequence at line 4141 replaced by U+FFFD.
Invalid UTF-8 byte or sequence at line 4142 replaced by U+FFFD.
Invalid UTF-8 byte or sequence at line 4143 replaced by U+FFFD.
Invalid UTF-8 byte or sequence at line 4143 replaced by U+FFFD.
Invalid UTF-8 byte or sequence at line 4143 replaced by U+FFFD.
Invalid UTF-8 byte or sequence at line 4143 replaced by U+FFFD.
Invalid UTF-8 byte or sequence at line 4143 replaced by U+FFFD.
Invalid UTF-8 byte or sequence at line 4143 replaced by U+FFFD.
Invalid UTF-8 byte or sequence at line 4143 replaced by U+FFFD.
Invalid UTF-8 byte or sequence at line 4143 replaced by U+FFFD.
Invalid UTF-8 byte or sequence at line 4143 replaced by U+FFFD.
\c@footnote@add=\count321
\c@footnote@ch=\count322
Invalid UTF-8 byte or sequence at line 4362 replaced by U+FFFD.
Invalid UTF-8 byte or sequence at line 4362 replaced by U+FFFD.
Invalid UTF-8 byte or sequence at line 4362 replaced by U+FFFD.
Invalid UTF-8 byte or sequence at line 4362 replaced by U+FFFD.
Invalid UTF-8 byte or sequence at line 4362 replaced by U+FFFD.
Invalid UTF-8 byte or sequence at line 5542 replaced by U+FFFD.
Invalid UTF-8 byte or sequence at line 5722 replaced by U+FFFD.
Invalid UTF-8 byte or sequence at line 5722 replaced by U+FFFD.
Invalid UTF-8 byte or sequence at line 5722 replaced by U+FFFD.
Invalid UTF-8 byte or sequence at line 5722 replaced by U+FFFD.
Invalid UTF-8 byte or sequence at line 5722 replaced by U+FFFD.
Invalid UTF-8 byte or sequence at line 5742 replaced by U+FFFD.
Invalid UTF-8 byte or sequence at line 5742 replaced by U+FFFD.
Invalid UTF-8 byte or sequence at line 5744 replaced by U+FFFD.
Invalid UTF-8 byte or sequence at line 5744 replaced by U+FFFD.
Invalid UTF-8 byte or sequence at line 5744 replaced by U+FFFD.
Invalid UTF-8 byte or sequence at line 5744 replaced by U+FFFD.
Invalid UTF-8 byte or sequence at line 5744 replaced by U+FFFD.
Invalid UTF-8 byte or sequence at line 5751 replaced by U+FFFD.
Invalid UTF-8 byte or sequence at line 5751 replaced by U+FFFD.
Invalid UTF-8 byte or sequence at line 5754 replaced by U+FFFD.
Invalid UTF-8 byte or sequence at line 5793 replaced by U+FFFD.
Invalid UTF-8 byte or sequence at line 5793 replaced by U+FFFD.
Invalid UTF-8 byte or sequence at line 5793 replaced by U+FFFD.
Invalid UTF-8 byte or sequence at line 5813 replaced by U+FFFD.
Invalid UTF-8 byte or sequence at line 5813 replaced by U+FFFD.
Invalid UTF-8 byte or sequence at line 5813 replaced by U+FFFD.
Invalid UTF-8 byte or sequence at line 5813 replaced by U+FFFD.
Invalid UTF-8 byte or sequence at line 5813 replaced by U+FFFD.
Invalid UTF-8 byte or sequence at line 5813 replaced by U+FFFD.
Invalid UTF-8 byte or sequence at line 5814 replaced by U+FFFD.
Invalid UTF-8 byte or sequence at line 5814 replaced by U+FFFD.
Invalid UTF-8 byte or sequence at line 5814 replaced by U+FFFD.
Invalid UTF-8 byte or sequence at line 5814 replaced by U+FFFD.
Invalid UTF-8 byte or sequence at line 5814 replaced by U+FFFD.
Invalid UTF-8 byte or sequence at line 5814 replaced by U+FFFD.
Invalid UTF-8 byte or sequence at line 5832 replaced by U+FFFD.
Invalid UTF-8 byte or sequence at line 5832 replaced by U+FFFD.
Invalid UTF-8 byte or sequence at line 5834 replaced by U+FFFD.
Invalid UTF-8 byte or sequence at line 5834 replaced by U+FFFD.
Invalid UTF-8 byte or sequence at line 5834 replaced by U+FFFD.
Invalid UTF-8 byte or sequence at line 5834 replaced by U+FFFD.
Invalid UTF-8 byte or sequence at line 5834 replaced by U+FFFD.
Invalid UTF-8 byte or sequence at line 5835 replaced by U+FFFD.
Invalid UTF-8 byte or sequence at line 5835 replaced by U+FFFD.
Invalid UTF-8 byte or sequence at line 5835 replaced by U+FFFD.
Invalid UTF-8 byte or sequence at line 5835 replaced by U+FFFD.
Invalid UTF-8 byte or sequence at line 5835 replaced by U+FFFD.
Invalid UTF-8 byte or sequence at line 5835 replaced by U+FFFD.
Invalid UTF-8 byte or sequence at line 5835 replaced by U+FFFD.
Invalid UTF-8 byte or sequence at line 5862 replaced by U+FFFD.
Invalid UTF-8 byte or sequence at line 5862 replaced by U+FFFD.
Invalid UTF-8 byte or sequence at line 5862 replaced by U+FFFD.
Invalid UTF-8 byte or sequence at line 5862 replaced by U+FFFD.
Invalid UTF-8 byte or sequence at line 5862 replaced by U+FFFD.
Invalid UTF-8 byte or sequence at line 5862 replaced by U+FFFD.
Invalid UTF-8 byte or sequence at line 5864 replaced by U+FFFD.
Invalid UTF-8 byte or sequence at line 5866 replaced by U+FFFD.
Invalid UTF-8 byte or sequence at line 5866 replaced by U+FFFD.
Invalid UTF-8 byte or sequence at line 5870 replaced by U+FFFD.
Invalid UTF-8 byte or sequence at line 5870 replaced by U+FFFD.
Invalid UTF-8 byte or sequence at line 5872 replaced by U+FFFD.
Invalid UTF-8 byte or sequence at line 5872 replaced by U+FFFD.
Invalid UTF-8 byte or sequence at line 5884 replaced by U+FFFD.
Invalid UTF-8 byte or sequence at line 5889 replaced by U+FFFD.
Invalid UTF-8 byte or sequence at line 5894 replaced by U+FFFD.
))
(C:\Users\RStudio\AppData\Local\Programs\MiKTeX\tex/latex/multirow\multirow.sty
Package: multirow 2021/03/15 v2.8 Span multiple rows of a table
\multirow@colwidth=\skip63
\multirow@cntb=\count323
\multirow@dima=\skip64
\bigstrutjot=\dimen182
) (C:\Users\RStudio\AppData\Local\Programs\MiKTeX\tex/latex/wrapfig\wrapfig.sty
\wrapoverhang=\dimen183
\WF@size=\dimen184
\c@WF@wrappedlines=\count324
\WF@box=\box64
\WF@everypar=\toks26
Package: wrapfig 2003/01/31  v 3.6
) (C:\Users\RStudio\AppData\Local\Programs\MiKTeX\tex/latex/float\float.sty
Package: float 2001/11/08 v1.3d Float enhancements (AL)
\c@float@type=\count325
\float@exts=\toks27
\float@box=\box65
\@float@everytoks=\toks28
\@floatcapt=\box66
)
(C:\Users\RStudio\AppData\Local\Programs\MiKTeX\tex/latex/colortbl\colortbl.sty
Package: colortbl 2020/01/04 v1.0e Color table columns (DPC)
\everycr=\toks29
\minrowclearance=\skip65
)
(C:\Users\RStudio\AppData\Local\Programs\MiKTeX\tex/latex/pdflscape\pdflscape.s
ty
Package: pdflscape 2019/12/05 v0.12 Display of landscape pages in PDF (HO)
(C:\Users\RStudio\AppData\Local\Programs\MiKTeX\tex/latex/graphics\lscape.sty
Package: lscape 2020/05/28 v3.02 Landscape Pages (DPC)
)
Package pdflscape Info: Auto-detected driver: dvipdfm (xetex) on input line 98.

) (C:\Users\RStudio\AppData\Local\Programs\MiKTeX\tex/latex/tabu\tabu.sty
Package: tabu 2019/01/11 v2.9 - flexible LaTeX tabulars (FC+tabu-fixed)

(C:\Users\RStudio\AppData\Local\Programs\MiKTeX\tex/latex/varwidth\varwidth.sty
Package: varwidth 2009/03/30 ver 0.92;  Variable-width minipages
\@vwid@box=\box67
\sift@deathcycles=\count326
\@vwid@loff=\dimen185
\@vwid@roff=\dimen186
)
\c@taburow=\count327
\tabu@nbcols=\count328
\tabu@cnt=\count329
\tabu@Xcol=\count330
\tabu@alloc=\count331
\tabu@nested=\count332
\tabu@target=\dimen187
\tabu@spreadtarget=\dimen188
\tabu@naturalX=\dimen189
\tabucolX=\dimen190
\tabu@Xsum=\dimen191
\extrarowdepth=\dimen192
\abovetabulinesep=\dimen193
\belowtabulinesep=\dimen194
\tabustrutrule=\dimen195
\tabu@thebody=\toks30
\tabu@footnotes=\toks31
\tabu@box=\box68
\tabu@arstrutbox=\box69
\tabu@hleads=\box70
\tabu@vleads=\box71
\tabu@cellskip=\skip66
)
(C:\Users\RStudio\AppData\Local\Programs\MiKTeX\tex/latex/threeparttable\threep
arttable.sty
Package: threeparttable 2003/06/13  v 3.0
\@tempboxb=\box72
)
(C:\Users\RStudio\AppData\Local\Programs\MiKTeX\tex/latex/threeparttablex\three
parttablex.sty
Package: threeparttablex 2013/07/23 v0.3 by daleif
(C:\Users\RStudio\AppData\Local\Programs\MiKTeX\tex/latex/environ\environ.sty
Package: environ 2014/05/04 v0.3 A new way to define environments

(C:\Users\RStudio\AppData\Local\Programs\MiKTeX\tex/latex/trimspaces\trimspaces
.sty
Package: trimspaces 2009/09/17 v1.1 Trim spaces around a token list
))
\TPTL@width=\skip67
) (C:\Users\RStudio\AppData\Local\Programs\MiKTeX\tex/latex/ulem\ulem.sty
\UL@box=\box73
\UL@hyphenbox=\box74
\UL@skip=\skip68
\UL@hook=\toks32
\UL@height=\dimen196
\UL@pe=\count333
\UL@pixel=\dimen197
\ULC@box=\box75
Package: ulem 2019/11/18
\ULdepth=\dimen198
)
(C:\Users\RStudio\AppData\Local\Programs\MiKTeX\tex/latex/makecell\makecell.sty
Package: makecell 2009/08/03 V0.1e Managing of Tab Column Heads and Cells
\rotheadsize=\dimen199
\c@nlinenum=\count334
\TeXr@lab=\toks33
) (C:\Users\RStudio\AppData\Local\Programs\MiKTeX\tex/latex/natbib\natbib.sty
Package: natbib 2010/09/13 8.31b (PWD, AO)
\bibhang=\skip69
\bibsep=\skip70
LaTeX Info: Redefining \cite on input line 694.
\c@NAT@ctr=\count335
) (aeer.aux)
\openout1 = `aeer.aux'.

LaTeX Font Info:    Checking defaults for OML/cmm/m/it on input line 191.
LaTeX Font Info:    ... okay on input line 191.
LaTeX Font Info:    Checking defaults for OMS/cmsy/m/n on input line 191.
LaTeX Font Info:    ... okay on input line 191.
LaTeX Font Info:    Checking defaults for OT1/cmr/m/n on input line 191.
LaTeX Font Info:    ... okay on input line 191.
LaTeX Font Info:    Checking defaults for T1/cmr/m/n on input line 191.
LaTeX Font Info:    ... okay on input line 191.
LaTeX Font Info:    Checking defaults for TS1/cmr/m/n on input line 191.
LaTeX Font Info:    ... okay on input line 191.
LaTeX Font Info:    Checking defaults for TU/lmr/m/n on input line 191.
LaTeX Font Info:    ... okay on input line 191.
LaTeX Font Info:    Checking defaults for OMX/cmex/m/n on input line 191.
LaTeX Font Info:    ... okay on input line 191.
LaTeX Font Info:    Checking defaults for U/cmr/m/n on input line 191.
LaTeX Font Info:    ... okay on input line 191.
LaTeX Font Info:    Checking defaults for PD1/pdf/m/n on input line 191.
LaTeX Font Info:    ... okay on input line 191.
LaTeX Font Info:    Checking defaults for PU/pdf/m/n on input line 191.
LaTeX Font Info:    ... okay on input line 191.
LaTeX Font Info:    Overwriting math alphabet `\mathrm' in version `normal'
(Font)                  OT1/lmr/m/n --> TU/lmr/m/n on input line 191.
LaTeX Font Info:    Overwriting math alphabet `\mathit' in version `normal'
(Font)                  OT1/lmr/m/it --> TU/lmr/m/it on input line 191.
LaTeX Font Info:    Overwriting math alphabet `\mathbf' in version `normal'
(Font)                  OT1/lmr/bx/n --> TU/lmr/bx/n on input line 191.
LaTeX Font Info:    Overwriting math alphabet `\mathsf' in version `normal'
(Font)                  OT1/lmss/m/n --> TU/lmss/m/n on input line 191.
LaTeX Font Info:    Overwriting math alphabet `\mathsf' in version `bold'
(Font)                  OT1/lmss/bx/n --> TU/lmss/bx/n on input line 191.
LaTeX Font Info:    Overwriting math alphabet `\mathtt' in version `normal'
(Font)                  OT1/lmtt/m/n --> TU/lmtt/m/n on input line 191.
LaTeX Font Info:    Overwriting math alphabet `\mathtt' in version `bold'
(Font)                  OT1/lmtt/m/n --> TU/lmtt/bx/n on input line 191.

Package fontspec Info: latinmodern-math scale = 0.9999964596882403.


Package fontspec Info: latinmodern-math scale = 0.9999964596882403.


Package fontspec Info: latinmodern-math scale = 0.9999964596882403.


Package fontspec Info: Font family 'latinmodern-math.otf(0)' created for font
(fontspec)             'latinmodern-math.otf' with options
(fontspec)             [Scale=MatchLowercase,BoldItalicFont={},ItalicFont={},Sm
allCapsFont={},Script=Math,BoldFont={latinmodern-math.otf}].
(fontspec)              
(fontspec)              This font family consists of the following NFSS
(fontspec)             series/shapes:
(fontspec)              
(fontspec)             - 'normal' (m/n) with NFSS spec.:
(fontspec)             <->s*[0.9999964596882403]"[latinmodern-math.otf]/OT:scri
pt=math;language=dflt;"
(fontspec)             - 'small caps'  (m/sc) with NFSS spec.: 
(fontspec)             - 'bold' (b/n) with NFSS spec.:
(fontspec)             <->s*[0.9999964596882403]"[latinmodern-math.otf]/OT:scri
pt=math;language=dflt;"
(fontspec)             - 'bold small caps'  (b/sc) with NFSS spec.: 

LaTeX Font Info:    Font shape `TU/latinmodern-math.otf(0)/m/n' will be
(Font)              scaled to size 10.0pt on input line 191.

Package fontspec Info: latinmodern-math scale = 0.9999964596882403.


Package fontspec Info: latinmodern-math scale = 0.9999964596882403.


Package fontspec Info: latinmodern-math scale = 0.9999964596882403.


Package fontspec Info: latinmodern-math scale = 0.9999964596882403.


Package fontspec Info: latinmodern-math scale = 0.9999964596882403.


Package fontspec Info: Font family 'latinmodern-math.otf(1)' created for font
(fontspec)             'latinmodern-math.otf' with options
(fontspec)             [Scale=MatchLowercase,BoldItalicFont={},ItalicFont={},Sm
allCapsFont={},Script=Math,SizeFeatures={{Size=8.5-},{Size=6-8.5,Font=latinmode
rn-math.otf,Style=MathScript},{Size=-6,Font=latinmodern-math.otf,Style=MathScri
ptScript}},BoldFont={latinmodern-math.otf}].
(fontspec)              
(fontspec)              This font family consists of the following NFSS
(fontspec)             series/shapes:
(fontspec)              
(fontspec)             - 'normal' (m/n) with NFSS spec.:
(fontspec)             <8.5->s*[0.9999964596882403]"[latinmodern-math.otf]/OT:s
cript=math;language=dflt;"<6-8.5>s*[0.9999964596882403]"[latinmodern-math.otf]/
OT:script=math;language=dflt;+ssty=0;"<-6>s*[0.9999964596882403]"[latinmodern-m
ath.otf]/OT:script=math;language=dflt;+ssty=1;"
(fontspec)             - 'small caps'  (m/sc) with NFSS spec.: 
(fontspec)             - 'bold' (b/n) with NFSS spec.:
(fontspec)             <->s*[0.9999964596882403]"[latinmodern-math.otf]/OT:scri
pt=math;language=dflt;"
(fontspec)             - 'bold small caps'  (b/sc) with NFSS spec.: 

LaTeX Font Info:    Font shape `TU/latinmodern-math.otf(1)/m/n' will be
(Font)              scaled to size 10.0pt on input line 191.
LaTeX Font Info:    Encoding `OT1' has changed to `TU' for symbol font
(Font)              `operators' in the math version `normal' on input line 191.

LaTeX Font Info:    Overwriting symbol font `operators' in version `normal'
(Font)                  OT1/lmr/m/n --> TU/latinmodern-math.otf(1)/m/n on input
 line 191.
LaTeX Font Info:    Encoding `OT1' has changed to `TU' for symbol font
(Font)              `operators' in the math version `bold' on input line 191.
LaTeX Font Info:    Overwriting symbol font `operators' in version `bold'
(Font)                  OT1/lmr/bx/n --> TU/latinmodern-math.otf(1)/b/n on inpu
t line 191.

Package fontspec Info: latinmodern-math scale = 0.9999964596882403.


Package fontspec Info: latinmodern-math scale = 1.000096459334209.


Package fontspec Info: latinmodern-math scale = 0.9999964596882403.


Package fontspec Info: latinmodern-math scale = 1.000096459334209.


Package fontspec Info: latinmodern-math scale = 0.9999964596882403.


Package fontspec Info: latinmodern-math scale = 1.000096459334209.


Package fontspec Info: latinmodern-math scale = 0.9999964596882403.


Package fontspec Info: latinmodern-math scale = 1.000096459334209.


Package fontspec Info: latinmodern-math scale = 0.9999964596882403.


Package fontspec Info: latinmodern-math scale = 1.000096459334209.


Package fontspec Info: Font family 'latinmodern-math.otf(2)' created for font
(fontspec)             'latinmodern-math.otf' with options
(fontspec)             [Scale=MatchLowercase,BoldItalicFont={},ItalicFont={},Sm
allCapsFont={},Script=Math,SizeFeatures={{Size=8.5-},{Size=6-8.5,Font=latinmode
rn-math.otf,Style=MathScript},{Size=-6,Font=latinmodern-math.otf,Style=MathScri
ptScript}},BoldFont={latinmodern-math.otf},ScaleAgain=1.0001,FontAdjustment={\f
ontdimen
(fontspec)             8\font =6.77pt\relax \fontdimen 9\font =3.94pt\relax
(fontspec)             \fontdimen 10\font =4.44pt\relax \fontdimen 11\font
(fontspec)             =6.86pt\relax \fontdimen 12\font =3.45pt\relax
(fontspec)             \fontdimen 13\font =3.63pt\relax \fontdimen 14\font
(fontspec)             =3.63pt\relax \fontdimen 15\font =2.89pt\relax
(fontspec)             \fontdimen 16\font =2.47pt\relax \fontdimen 17\font
(fontspec)             =2.47pt\relax \fontdimen 18\font =2.5pt\relax
(fontspec)             \fontdimen 19\font =2.0pt\relax \fontdimen 22\font
(fontspec)             =2.5pt\relax \fontdimen 20\font =0pt\relax \fontdimen
(fontspec)             21\font =0pt\relax }].
(fontspec)              
(fontspec)              This font family consists of the following NFSS
(fontspec)             series/shapes:
(fontspec)              
(fontspec)             - 'normal' (m/n) with NFSS spec.:
(fontspec)             <8.5->s*[1.000096459334209]"[latinmodern-math.otf]/OT:sc
ript=math;language=dflt;"<6-8.5>s*[1.000096459334209]"[latinmodern-math.otf]/OT
:script=math;language=dflt;+ssty=0;"<-6>s*[1.000096459334209]"[latinmodern-math
.otf]/OT:script=math;language=dflt;+ssty=1;"
(fontspec)             - 'small caps'  (m/sc) with NFSS spec.: 
(fontspec)             and font adjustment code:
(fontspec)             \fontdimen 8\font =6.77pt\relax \fontdimen 9\font
(fontspec)             =3.94pt\relax \fontdimen 10\font =4.44pt\relax
(fontspec)             \fontdimen 11\font =6.86pt\relax \fontdimen 12\font
(fontspec)             =3.45pt\relax \fontdimen 13\font =3.63pt\relax
(fontspec)             \fontdimen 14\font =3.63pt\relax \fontdimen 15\font
(fontspec)             =2.89pt\relax \fontdimen 16\font =2.47pt\relax
(fontspec)             \fontdimen 17\font =2.47pt\relax \fontdimen 18\font
(fontspec)             =2.5pt\relax \fontdimen 19\font =2.0pt\relax \fontdimen
(fontspec)             22\font =2.5pt\relax \fontdimen 20\font =0pt\relax
(fontspec)             \fontdimen 21\font =0pt\relax 
(fontspec)             - 'bold' (b/n) with NFSS spec.:
(fontspec)             <->s*[1.000096459334209]"[latinmodern-math.otf]/OT:scrip
t=math;language=dflt;"
(fontspec)             - 'bold small caps'  (b/sc) with NFSS spec.: 
(fontspec)             and font adjustment code:
(fontspec)             \fontdimen 8\font =6.77pt\relax \fontdimen 9\font
(fontspec)             =3.94pt\relax \fontdimen 10\font =4.44pt\relax
(fontspec)             \fontdimen 11\font =6.86pt\relax \fontdimen 12\font
(fontspec)             =3.45pt\relax \fontdimen 13\font =3.63pt\relax
(fontspec)             \fontdimen 14\font =3.63pt\relax \fontdimen 15\font
(fontspec)             =2.89pt\relax \fontdimen 16\font =2.47pt\relax
(fontspec)             \fontdimen 17\font =2.47pt\relax \fontdimen 18\font
(fontspec)             =2.5pt\relax \fontdimen 19\font =2.0pt\relax \fontdimen
(fontspec)             22\font =2.5pt\relax \fontdimen 20\font =0pt\relax
(fontspec)             \fontdimen 21\font =0pt\relax 

LaTeX Font Info:    Encoding `OMS' has changed to `TU' for symbol font
(Font)              `symbols' in the math version `normal' on input line 191.
LaTeX Font Info:    Overwriting symbol font `symbols' in version `normal'
(Font)                  OMS/lmsy/m/n --> TU/latinmodern-math.otf(2)/m/n on inpu
t line 191.
LaTeX Font Info:    Encoding `OMS' has changed to `TU' for symbol font
(Font)              `symbols' in the math version `bold' on input line 191.
LaTeX Font Info:    Overwriting symbol font `symbols' in version `bold'
(Font)                  OMS/lmsy/b/n --> TU/latinmodern-math.otf(2)/b/n on inpu
t line 191.

Package fontspec Info: latinmodern-math scale = 0.9999964596882403.


Package fontspec Info: latinmodern-math scale = 0.9998964600422715.


Package fontspec Info: latinmodern-math scale = 0.9999964596882403.


Package fontspec Info: latinmodern-math scale = 0.9998964600422715.


Package fontspec Info: latinmodern-math scale = 0.9999964596882403.


Package fontspec Info: latinmodern-math scale = 0.9998964600422715.


Package fontspec Info: latinmodern-math scale = 0.9999964596882403.


Package fontspec Info: latinmodern-math scale = 0.9998964600422715.


Package fontspec Info: latinmodern-math scale = 0.9999964596882403.


Package fontspec Info: latinmodern-math scale = 0.9998964600422715.


Package fontspec Info: Font family 'latinmodern-math.otf(3)' created for font
(fontspec)             'latinmodern-math.otf' with options
(fontspec)             [Scale=MatchLowercase,BoldItalicFont={},ItalicFont={},Sm
allCapsFont={},Script=Math,SizeFeatures={{Size=8.5-},{Size=6-8.5,Font=latinmode
rn-math.otf,Style=MathScript},{Size=-6,Font=latinmodern-math.otf,Style=MathScri
ptScript}},BoldFont={latinmodern-math.otf},ScaleAgain=0.9999,FontAdjustment={\f
ontdimen
(fontspec)             8\font =0.4pt\relax \fontdimen 9\font =2.0pt\relax
(fontspec)             \fontdimen 10\font =1.67pt\relax \fontdimen 11\font
(fontspec)             =1.11pt\relax \fontdimen 12\font =6.0pt\relax
(fontspec)             \fontdimen 13\font =0pt\relax }].
(fontspec)              
(fontspec)              This font family consists of the following NFSS
(fontspec)             series/shapes:
(fontspec)              
(fontspec)             - 'normal' (m/n) with NFSS spec.:
(fontspec)             <8.5->s*[0.9998964600422715]"[latinmodern-math.otf]/OT:s
cript=math;language=dflt;"<6-8.5>s*[0.9998964600422715]"[latinmodern-math.otf]/
OT:script=math;language=dflt;+ssty=0;"<-6>s*[0.9998964600422715]"[latinmodern-m
ath.otf]/OT:script=math;language=dflt;+ssty=1;"
(fontspec)             - 'small caps'  (m/sc) with NFSS spec.: 
(fontspec)             and font adjustment code:
(fontspec)             \fontdimen 8\font =0.4pt\relax \fontdimen 9\font
(fontspec)             =2.0pt\relax \fontdimen 10\font =1.67pt\relax
(fontspec)             \fontdimen 11\font =1.11pt\relax \fontdimen 12\font
(fontspec)             =6.0pt\relax \fontdimen 13\font =0pt\relax 
(fontspec)             - 'bold' (b/n) with NFSS spec.:
(fontspec)             <->s*[0.9998964600422715]"[latinmodern-math.otf]/OT:scri
pt=math;language=dflt;"
(fontspec)             - 'bold small caps'  (b/sc) with NFSS spec.: 
(fontspec)             and font adjustment code:
(fontspec)             \fontdimen 8\font =0.4pt\relax \fontdimen 9\font
(fontspec)             =2.0pt\relax \fontdimen 10\font =1.67pt\relax
(fontspec)             \fontdimen 11\font =1.11pt\relax \fontdimen 12\font
(fontspec)             =6.0pt\relax \fontdimen 13\font =0pt\relax 

LaTeX Font Info:    Encoding `OMX' has changed to `TU' for symbol font
(Font)              `largesymbols' in the math version `normal' on input line 1
91.
LaTeX Font Info:    Overwriting symbol font `largesymbols' in version `normal'
(Font)                  OMX/lmex/m/n --> TU/latinmodern-math.otf(3)/m/n on inpu
t line 191.
LaTeX Font Info:    Encoding `OMX' has changed to `TU' for symbol font
(Font)              `largesymbols' in the math version `bold' on input line 191
.
LaTeX Font Info:    Overwriting symbol font `largesymbols' in version `bold'
(Font)                  OMX/lmex/m/n --> TU/latinmodern-math.otf(3)/b/n on inpu
t line 191.
LaTeX Info: Redefining \microtypecontext on input line 191.
Package microtype Info: Applying patch `item' on input line 191.
Package microtype Info: Applying patch `toc' on input line 191.
Package microtype Info: Applying patch `eqnum' on input line 191.
Package microtype Info: Applying patch `footnote' on input line 191.
Package microtype Info: Character protrusion enabled (level 2).
Package microtype Info: Using protrusion set `basicmath'.
Package microtype Info: No adjustment of tracking.
Package microtype Info: No adjustment of spacing.
Package microtype Info: No adjustment of kerning.

(C:\Users\RStudio\AppData\Local\Programs\MiKTeX\tex/latex/microtype\mt-LatinMod
ernRoman.cfg
File: mt-LatinModernRoman.cfg 2021/02/21 v1.1 microtype config. file: Latin Mod
ern Roman (RS)
)
Package hyperref Info: Link coloring ON on input line 191.
(C:\Users\RStudio\AppData\Local\Programs\MiKTeX\tex/latex/hyperref\nameref.sty
Package: nameref 2021-04-02 v2.47 Cross-referencing by name of section

(C:\Users\RStudio\AppData\Local\Programs\MiKTeX\tex/latex/refcount\refcount.sty
Package: refcount 2019/12/15 v3.6 Data extraction from label references (HO)
)
(C:\Users\RStudio\AppData\Local\Programs\MiKTeX\tex/generic/gettitlestring\gett
itlestring.sty
Package: gettitlestring 2019/12/15 v1.6 Cleanup title references (HO)
)
\c@section@level=\count336
)
LaTeX Info: Redefining \ref on input line 191.
LaTeX Info: Redefining \pageref on input line 191.
LaTeX Info: Redefining \nameref on input line 191.
Package footnotehyper Info: Using the \@makefntext{} approach (see doc).
(footnotehyper)    In case of dysfunctional footnote environments, you can
(footnotehyper)    try sending the author a small illustrative document.
(footnotehyper)    To turn off this message, add \footnotehyperwarnfalse
(footnotehyper)    to the preamble.

LaTeX Warning: Please use \usepackage{t1enc} with
               \usepackage[magyar]{babel}, to get accented chars hyphenated.


LaTeX Warning: Please use \usepackage[latin2]{inputenc}
               or \usepackage[utf8]{inputenc}
               with \usepackage[magyar]{babel}.

(C:\Users\RStudio\AppData\Local\Programs\MiKTeX\tex/latex/base\book.cls
LaTeX Info: Redefining \cal on input line 583.
LaTeX Info: Redefining \mit on input line 584.
)
LaTeX Font Info:    Font shape `TU/latinmodern-math.otf(1)/m/n' will be
(Font)              scaled to size 12.0pt on input line 193.
LaTeX Font Info:    Font shape `TU/latinmodern-math.otf(1)/m/n' will be
(Font)              scaled to size 8.0pt on input line 193.
LaTeX Font Info:    Font shape `TU/latinmodern-math.otf(1)/m/n' will be
(Font)              scaled to size 6.0pt on input line 193.
LaTeX Font Info:    Trying to load font information for OML+lmm on input line 1
93.
(C:\Users\RStudio\AppData\Local\Programs\MiKTeX\tex/latex/lm\omllmm.fd
File: omllmm.fd 2009/10/30 v1.6 Font defs for Latin Modern
)
LaTeX Font Info:    Font shape `TU/latinmodern-math.otf(2)/m/n' will be
(Font)              scaled to size 12.0011pt on input line 193.
LaTeX Font Info:    Font shape `TU/latinmodern-math.otf(2)/m/n' will be
(Font)              scaled to size 8.00073pt on input line 193.
LaTeX Font Info:    Font shape `TU/latinmodern-math.otf(2)/m/n' will be
(Font)              scaled to size 6.00055pt on input line 193.
LaTeX Font Info:    Font shape `TU/latinmodern-math.otf(3)/m/n' will be
(Font)              scaled to size 11.99872pt on input line 193.
LaTeX Font Info:    Font shape `TU/latinmodern-math.otf(3)/m/n' will be
(Font)              scaled to size 7.99915pt on input line 193.
LaTeX Font Info:    Font shape `TU/latinmodern-math.otf(3)/m/n' will be
(Font)              scaled to size 5.99936pt on input line 193.
LaTeX Font Info:    Trying to load font information for U+msa on input line 193
.
(C:\Users\RStudio\AppData\Local\Programs\MiKTeX\tex/latex/amsfonts\umsa.fd
File: umsa.fd 2013/01/14 v3.01 AMS symbols A
) (C:\Users\RStudio\AppData\Local\Programs\MiKTeX\tex/latex/microtype\mt-msa.cf
g
File: mt-msa.cfg 2006/02/04 v1.1 microtype config. file: AMS symbols (a) (RS)
)
LaTeX Font Info:    Trying to load font information for U+msb on input line 193
.
(C:\Users\RStudio\AppData\Local\Programs\MiKTeX\tex/latex/amsfonts\umsb.fd
File: umsb.fd 2013/01/14 v3.01 AMS symbols B
) (C:\Users\RStudio\AppData\Local\Programs\MiKTeX\tex/latex/microtype\mt-msb.cf
g
File: mt-msb.cfg 2005/06/01 v1.0 microtype config. file: AMS symbols (b) (RS)
) [1



] [2

] (aeer.toc
LaTeX Font Info:    Font shape `TU/latinmodern-math.otf(1)/m/n' will be
(Font)              scaled to size 7.0pt on input line 4.
LaTeX Font Info:    Font shape `TU/latinmodern-math.otf(1)/m/n' will be
(Font)              scaled to size 5.0pt on input line 4.
LaTeX Font Info:    Font shape `TU/latinmodern-math.otf(2)/m/n' will be
(Font)              scaled to size 10.00092pt on input line 4.
LaTeX Font Info:    Font shape `TU/latinmodern-math.otf(2)/m/n' will be
(Font)              scaled to size 7.00064pt on input line 4.
LaTeX Font Info:    Font shape `TU/latinmodern-math.otf(2)/m/n' will be
(Font)              scaled to size 5.00046pt on input line 4.
LaTeX Font Info:    Font shape `TU/latinmodern-math.otf(3)/m/n' will be
(Font)              scaled to size 9.99893pt on input line 4.
LaTeX Font Info:    Font shape `TU/latinmodern-math.otf(3)/m/n' will be
(Font)              scaled to size 6.99925pt on input line 4.
LaTeX Font Info:    Font shape `TU/latinmodern-math.otf(3)/m/n' will be
(Font)              scaled to size 4.99947pt on input line 4.
[3])
\tf@toc=\write4
\openout4 = `aeer.toc'.

[4] [5

] [6

]
File: images/level1.png Graphic file (type bmp)
<images/level1.png>
File: images/level2.png Graphic file (type bmp)
<images/level2.png>
File: images/level3.png Graphic file (type bmp)
<images/level3.png>
[7]
File: images/summary.png Graphic file (type bmp)
<images/summary.png>
File: images/exercise.png Graphic file (type bmp)
<images/exercise.png>
[8]
1. fejezet.
File: images/ch_01_small.png Graphic file (type bmp)
<images/ch_01_small.png>
File: images/level1.png Graphic file (type bmp)
<images/level1.png>
[9

] [10] [11]
File: 01-Itt-kezdodik_files/figure-latex/unnamed-chunk-8-1.pdf Graphic file (ty
pe pdf)
<use 01-Itt-kezdodik_files/figure-latex/unnamed-chunk-8-1.pdf>
[12]
File: images/summary.png Graphic file (type bmp)
<images/summary.png>
File: images/exercise.png Graphic file (type bmp)
<images/exercise.png>
[13]
File: images/level2.png Graphic file (type bmp)
<images/level2.png>
[14]
File: images/summary.png Graphic file (type bmp)
<images/summary.png>
File: images/exercise.png Graphic file (type bmp)
<images/exercise.png>
File: images/level3.png Graphic file (type bmp)
<images/level3.png>
[15]
Overfull \hbox (16.99084pt too wide) in paragraph at lines 656--657
[]|\TU/lmtt/m/n/10 DescTools:LillieTest()|  
 []


Overfull \hbox (10.74078pt too wide) in paragraph at lines 687--688
[]|\TU/lmtt/m/n/10 wilcox.test(paired=T)|  
 []

[16]
Overfull \hbox (26.49078pt too wide) in paragraph at lines 788--789
[]|\TU/lmtt/m/n/10 oneway.test(var.equal=F)|  
 []


Overfull \hbox (23.2409pt too wide) in paragraph at lines 790--791
[]|\TU/lmtt/m/n/10 DescTools::LeveneTest()|  
 []

File: images/summary.png Graphic file (type bmp)
<images/summary.png>
File: images/exercise.png Graphic file (type bmp)
<images/exercise.png>
[17] [18]
2. fejezet.
File: images/ch_02_small.png Graphic file (type bmp)
<images/ch_02_small.png>
File: images/level1.png Graphic file (type bmp)
<images/level1.png>
[19

]
Underfull \vbox (badness 10000) has occurred while \output is active []

[20] [21]
File: images/summary.png Graphic file (type bmp)
<images/summary.png>
[22]
File: images/exercise.png Graphic file (type bmp)
<images/exercise.png>
File: images/level2.png Graphic file (type bmp)
<images/level2.png>
[23]
File: images/summary.png Graphic file (type bmp)
<images/summary.png>
File: images/exercise.png Graphic file (type bmp)
<images/exercise.png>
[24]
File: images/level3.png Graphic file (type bmp)
<images/level3.png>
[25] [26]
File: images/summary.png Graphic file (type bmp)
<images/summary.png>
File: images/exercise.png Graphic file (type bmp)
<images/exercise.png>

Underfull \vbox (badness 10000) has occurred while \output is active []

[27] [28]
3. fejezet.
File: images/ch_03_small.png Graphic file (type bmp)
<images/ch_03_small.png>
File: images/level1.png Graphic file (type bmp)
<images/level1.png>
[29

] [30]
LaTeX Font Info:    Font shape `TU/lmtt/bx/n' in size <10> not available
(Font)              Font shape `TU/lmtt/b/n' tried instead on input line 1230.

LaTeX Warning: Reference `MegjegyzesazRben' on page 31 undefined on input line 
1250.

[31]
File: images/summary.png Graphic file (type bmp)
<images/summary.png>
File: images/exercise.png Graphic file (type bmp)
<images/exercise.png>

Underfull \vbox (badness 10000) has occurred while \output is active []

[32]
File: images/level2.png Graphic file (type bmp)
<images/level2.png>
[33]
File: images/summary.png Graphic file (type bmp)
<images/summary.png>
File: images/exercise.png Graphic file (type bmp)
<images/exercise.png>
File: images/level3.png Graphic file (type bmp)
<images/level3.png>
[34]
Underfull \hbox (badness 1286) in paragraph at lines 1441--1442
\TU/lmtt/m/n/10 Updates \TU/lmr/m/n/10 menpontjval frissthetjk. A frissthe
t csomagok megjelennek
 []

[35]
File: images/summary.png Graphic file (type bmp)
<images/summary.png>
File: images/exercise.png Graphic file (type bmp)
<images/exercise.png>
[36]
4. fejezet.
File: images/ch_04_small.png Graphic file (type bmp)
<images/ch_04_small.png>
File: images/level1.png Graphic file (type bmp)
<images/level1.png>
[37

] [38

]
5. fejezet.
File: images/ch_05_small.png Graphic file (type bmp)
<images/ch_05_small.png>

Underfull \hbox (badness 4291) in paragraph at lines 1506--1507
\TU/lmr/m/n/10 projektet az \TU/lmr/m/it/10 RStudio\TU/lmr/m/n/10 -ban (\TU/lmt
t/m/n/10 File / New Project\TU/lmr/m/n/10 ), majd ksztsnk egy
 []


Underfull \hbox (badness 3291) in paragraph at lines 1506--1507
\TU/lmtt/m/n/10 gyakorlas.Rmd \TU/lmr/m/n/10 RMarkdown llomnyt (\TU/lmtt/m/n/
10 File / New File / R Markdown\TU/lmr/m/n/10 )
 []


Underfull \hbox (badness 1194) in paragraph at lines 1506--1507
\TU/lmr/m/n/10 fejezet pldit felvltva gpeljk az RMarkdown llomny R csonk
jaiba,
 []


Underfull \vbox (badness 10000) has occurred while \output is active []

[39]
File: images/level1.png Graphic file (type bmp)
<images/level1.png>
[40]
6. fejezet.
File: images/ch_06_small.png Graphic file (type bmp)
<images/ch_06_small.png>
File: images/level1.png Graphic file (type bmp)
<images/level1.png>
[41

] [42

]
7. fejezet.
File: images/ch_07_small.png Graphic file (type bmp)
<images/ch_07_small.png>
File: images/level1.png Graphic file (type bmp)
<images/level1.png>
[43] [44

]
8. fejezet.
File: images/ch_08_small.png Graphic file (type bmp)
<images/ch_08_small.png>
File: images/level1.png Graphic file (type bmp)
<images/level1.png>
[45] [46

]
9. fejezet.
File: images/ch_09_small.png Graphic file (type bmp)
<images/ch_09_small.png>
File: images/level1.png Graphic file (type bmp)
<images/level1.png>
[47] [48

]
10. fejezet.
File: images/ch_10_small.png Graphic file (type bmp)
<images/ch_10_small.png>
File: images/level1.png Graphic file (type bmp)
<images/level1.png>
[49] [50

]
11. fejezet.
File: images/ch_11_small.png Graphic file (type bmp)
<images/ch_11_small.png>
[51] [52

]
A f\"uggel\'ek.
[53] [54]
B f\"uggel\'ek.
File: 41-Szinek_files/figure-latex/default-palette-1.pdf Graphic file (type pdf
)
<use 41-Szinek_files/figure-latex/default-palette-1.pdf>
[55

]
File: 41-Szinek_files/figure-latex/unnamed-chunk-2-1.pdf Graphic file (type pdf
)
<use 41-Szinek_files/figure-latex/unnamed-chunk-2-1.pdf>

Underfull \vbox (badness 10000) has occurred while \output is active []

[56]
Underfull \hbox (badness 1038) in paragraph at lines 1790--1791
\TU/lmr/m/n/10 sttebb sznekkel jelentik meg. A kvalitatv (\TU/lmtt/m/n/10 
qual\TU/lmr/m/n/10 ) paletta kategorikus
 []


Overfull \hbox (28.58452pt too wide) has occurred while \output is active
\TU/lmr/m/n/10 B.2. SZNEK VLASZTSA AZ RCOLORBREWER CSOMAG SEGTSGVEL 57
 []

[57] [58]
File: 41-Szinek_files/figure-latex/unnamed-chunk-6-1.pdf Graphic file (type pdf
)
<use 41-Szinek_files/figure-latex/unnamed-chunk-6-1.pdf>
File: 41-Szinek_files/figure-latex/unnamed-chunk-7-1.pdf Graphic file (type pdf
)
<use 41-Szinek_files/figure-latex/unnamed-chunk-7-1.pdf>

Underfull \vbox (badness 10000) has occurred while \output is active []


Overfull \hbox (28.58452pt too wide) has occurred while \output is active
\TU/lmr/m/n/10 B.2. SZNEK VLASZTSA AZ RCOLORBREWER CSOMAG SEGTSGVEL 59
 []

[59]
File: 41-Szinek_files/figure-latex/unnamed-chunk-8-1.pdf Graphic file (type pdf
)
<use 41-Szinek_files/figure-latex/unnamed-chunk-8-1.pdf>
[60]
File: 41-Szinek_files/figure-latex/unnamed-chunk-9-1.pdf Graphic file (type pdf
)
<use 41-Szinek_files/figure-latex/unnamed-chunk-9-1.pdf>
File: 41-Szinek_files/figure-latex/unnamed-chunk-10-1.pdf Graphic file (type pd
f)
<use 41-Szinek_files/figure-latex/unnamed-chunk-10-1.pdf>

Overfull \hbox (28.58452pt too wide) has occurred while \output is active
\TU/lmr/m/n/10 B.2. SZNEK VLASZTSA AZ RCOLORBREWER CSOMAG SEGTSGVEL 61
 []

[61]
File: 41-Szinek_files/figure-latex/unnamed-chunk-11-1.pdf Graphic file (type pd
f)
<use 41-Szinek_files/figure-latex/unnamed-chunk-11-1.pdf>
File: 41-Szinek_files/figure-latex/unnamed-chunk-12-1.pdf Graphic file (type pd
f)
<use 41-Szinek_files/figure-latex/unnamed-chunk-12-1.pdf>

Underfull \vbox (badness 10000) has occurred while \output is active []

[62]
File: 41-Szinek_files/figure-latex/unnamed-chunk-13-1.pdf Graphic file (type pd
f)
<use 41-Szinek_files/figure-latex/unnamed-chunk-13-1.pdf>

Overfull \vbox (0.41026pt too high) detected at line 1947
 []


Overfull \hbox (28.58452pt too wide) has occurred while \output is active
\TU/lmr/m/n/10 B.2. SZNEK VLASZTSA AZ RCOLORBREWER CSOMAG SEGTSGVEL 63
 []

[63]
File: 41-Szinek_files/figure-latex/unnamed-chunk-14-1.pdf Graphic file (type pd
f)
<use 41-Szinek_files/figure-latex/unnamed-chunk-14-1.pdf>
File: 41-Szinek_files/figure-latex/unnamed-chunk-15-1.pdf Graphic file (type pd
f)
<use 41-Szinek_files/figure-latex/unnamed-chunk-15-1.pdf>
[64]
File: 41-Szinek_files/figure-latex/unnamed-chunk-16-1.pdf Graphic file (type pd
f)
<use 41-Szinek_files/figure-latex/unnamed-chunk-16-1.pdf>
File: 41-Szinek_files/figure-latex/unnamed-chunk-17-1.pdf Graphic file (type pd
f)
<use 41-Szinek_files/figure-latex/unnamed-chunk-17-1.pdf>

Underfull \vbox (badness 10000) has occurred while \output is active []


Overfull \hbox (28.58452pt too wide) has occurred while \output is active
\TU/lmr/m/n/10 B.2. SZNEK VLASZTSA AZ RCOLORBREWER CSOMAG SEGTSGVEL 65
 []

[65]
File: 41-Szinek_files/figure-latex/unnamed-chunk-18-1.pdf Graphic file (type pd
f)
<use 41-Szinek_files/figure-latex/unnamed-chunk-18-1.pdf>

Overfull \vbox (1.24026pt too high) detected at line 2005
 []

[66]
File: 41-Szinek_files/figure-latex/unnamed-chunk-19-1.pdf Graphic file (type pd
f)
<use 41-Szinek_files/figure-latex/unnamed-chunk-19-1.pdf>
File: 41-Szinek_files/figure-latex/unnamed-chunk-20-1.pdf Graphic file (type pd
f)
<use 41-Szinek_files/figure-latex/unnamed-chunk-20-1.pdf>

Overfull \hbox (28.58452pt too wide) has occurred while \output is active
\TU/lmr/m/n/10 B.2. SZNEK VLASZTSA AZ RCOLORBREWER CSOMAG SEGTSGVEL 67
 []

[67]
File: 41-Szinek_files/figure-latex/unnamed-chunk-21-1.pdf Graphic file (type pd
f)
<use 41-Szinek_files/figure-latex/unnamed-chunk-21-1.pdf>
File: 41-Szinek_files/figure-latex/unnamed-chunk-22-1.pdf Graphic file (type pd
f)
<use 41-Szinek_files/figure-latex/unnamed-chunk-22-1.pdf>

Underfull \vbox (badness 10000) has occurred while \output is active []

[68]
File: 41-Szinek_files/figure-latex/unnamed-chunk-23-1.pdf Graphic file (type pd
f)
<use 41-Szinek_files/figure-latex/unnamed-chunk-23-1.pdf>
File: 41-Szinek_files/figure-latex/unnamed-chunk-24-1.pdf Graphic file (type pd
f)
<use 41-Szinek_files/figure-latex/unnamed-chunk-24-1.pdf>

Overfull \hbox (28.58452pt too wide) has occurred while \output is active
\TU/lmr/m/n/10 B.2. SZNEK VLASZTSA AZ RCOLORBREWER CSOMAG SEGTSGVEL 69
 []

[69]
File: 41-Szinek_files/figure-latex/unnamed-chunk-25-1.pdf Graphic file (type pd
f)
<use 41-Szinek_files/figure-latex/unnamed-chunk-25-1.pdf>
File: 41-Szinek_files/figure-latex/unnamed-chunk-26-1.pdf Graphic file (type pd
f)
<use 41-Szinek_files/figure-latex/unnamed-chunk-26-1.pdf>
[70]
File: 41-Szinek_files/figure-latex/unnamed-chunk-27-1.pdf Graphic file (type pd
f)
<use 41-Szinek_files/figure-latex/unnamed-chunk-27-1.pdf>
File: 41-Szinek_files/figure-latex/unnamed-chunk-28-1.pdf Graphic file (type pd
f)
<use 41-Szinek_files/figure-latex/unnamed-chunk-28-1.pdf>

Overfull \hbox (28.58452pt too wide) has occurred while \output is active
\TU/lmr/m/n/10 B.2. SZNEK VLASZTSA AZ RCOLORBREWER CSOMAG SEGTSGVEL 71
 []

[71]
File: 41-Szinek_files/figure-latex/unnamed-chunk-29-1.pdf Graphic file (type pd
f)
<use 41-Szinek_files/figure-latex/unnamed-chunk-29-1.pdf>

Overfull \vbox (1.38025pt too high) detected at line 2128
 []

[72]
File: 41-Szinek_files/figure-latex/unnamed-chunk-30-1.pdf Graphic file (type pd
f)
<use 41-Szinek_files/figure-latex/unnamed-chunk-30-1.pdf>
File: 41-Szinek_files/figure-latex/unnamed-chunk-31-1.pdf Graphic file (type pd
f)
<use 41-Szinek_files/figure-latex/unnamed-chunk-31-1.pdf>

Overfull \vbox (0.67026pt too high) detected at line 2150
 []


Overfull \hbox (28.58452pt too wide) has occurred while \output is active
\TU/lmr/m/n/10 B.2. SZNEK VLASZTSA AZ RCOLORBREWER CSOMAG SEGTSGVEL 73
 []

[73]
File: 41-Szinek_files/figure-latex/unnamed-chunk-32-1.pdf Graphic file (type pd
f)
<use 41-Szinek_files/figure-latex/unnamed-chunk-32-1.pdf>
File: 41-Szinek_files/figure-latex/unnamed-chunk-33-1.pdf Graphic file (type pd
f)
<use 41-Szinek_files/figure-latex/unnamed-chunk-33-1.pdf>
[74]
File: 41-Szinek_files/figure-latex/unnamed-chunk-34-1.pdf Graphic file (type pd
f)
<use 41-Szinek_files/figure-latex/unnamed-chunk-34-1.pdf>
File: 41-Szinek_files/figure-latex/unnamed-chunk-35-1.pdf Graphic file (type pd
f)
<use 41-Szinek_files/figure-latex/unnamed-chunk-35-1.pdf>

Underfull \vbox (badness 10000) has occurred while \output is active []


Overfull \hbox (28.58452pt too wide) has occurred while \output is active
\TU/lmr/m/n/10 B.2. SZNEK VLASZTSA AZ RCOLORBREWER CSOMAG SEGTSGVEL 75
 []

[75]
File: 41-Szinek_files/figure-latex/unnamed-chunk-36-1.pdf Graphic file (type pd
f)
<use 41-Szinek_files/figure-latex/unnamed-chunk-36-1.pdf>
File: 41-Szinek_files/figure-latex/unnamed-chunk-37-1.pdf Graphic file (type pd
f)
<use 41-Szinek_files/figure-latex/unnamed-chunk-37-1.pdf>
[76]
File: 41-Szinek_files/figure-latex/unnamed-chunk-38-1.pdf Graphic file (type pd
f)
<use 41-Szinek_files/figure-latex/unnamed-chunk-38-1.pdf>
File: 41-Szinek_files/figure-latex/unnamed-chunk-39-1.pdf Graphic file (type pd
f)
<use 41-Szinek_files/figure-latex/unnamed-chunk-39-1.pdf>

Overfull \hbox (28.58452pt too wide) has occurred while \output is active
\TU/lmr/m/n/10 B.2. SZNEK VLASZTSA AZ RCOLORBREWER CSOMAG SEGTSGVEL 77
 []

[77]
File: 41-Szinek_files/figure-latex/unnamed-chunk-40-1.pdf Graphic file (type pd
f)
<use 41-Szinek_files/figure-latex/unnamed-chunk-40-1.pdf>

Underfull \vbox (badness 10000) has occurred while \output is active []

[78]
File: 41-Szinek_files/figure-latex/unnamed-chunk-42-1.pdf Graphic file (type pd
f)
<use 41-Szinek_files/figure-latex/unnamed-chunk-42-1.pdf>
[79]
File: 41-Szinek_files/figure-latex/unnamed-chunk-43-1.pdf Graphic file (type pd
f)
<use 41-Szinek_files/figure-latex/unnamed-chunk-43-1.pdf>
File: 41-Szinek_files/figure-latex/unnamed-chunk-44-1.pdf Graphic file (type pd
f)
<use 41-Szinek_files/figure-latex/unnamed-chunk-44-1.pdf>
[80]
File: 41-Szinek_files/figure-latex/unnamed-chunk-45-1.pdf Graphic file (type pd
f)
<use 41-Szinek_files/figure-latex/unnamed-chunk-45-1.pdf>
File: 41-Szinek_files/figure-latex/unnamed-chunk-46-1.pdf Graphic file (type pd
f)
<use 41-Szinek_files/figure-latex/unnamed-chunk-46-1.pdf>
[81]
File: 41-Szinek_files/figure-latex/unnamed-chunk-47-1.pdf Graphic file (type pd
f)
<use 41-Szinek_files/figure-latex/unnamed-chunk-47-1.pdf>
File: 41-Szinek_files/figure-latex/unnamed-chunk-48-1.pdf Graphic file (type pd
f)
<use 41-Szinek_files/figure-latex/unnamed-chunk-48-1.pdf>
[82]
File: 41-Szinek_files/figure-latex/unnamed-chunk-49-1.pdf Graphic file (type pd
f)
<use 41-Szinek_files/figure-latex/unnamed-chunk-49-1.pdf>
File: 41-Szinek_files/figure-latex/unnamed-chunk-50-1.pdf Graphic file (type pd
f)
<use 41-Szinek_files/figure-latex/unnamed-chunk-50-1.pdf>
[83]
File: 41-Szinek_files/figure-latex/unnamed-chunk-51-1.pdf Graphic file (type pd
f)
<use 41-Szinek_files/figure-latex/unnamed-chunk-51-1.pdf>
File: 41-Szinek_files/figure-latex/unnamed-chunk-52-1.pdf Graphic file (type pd
f)
<use 41-Szinek_files/figure-latex/unnamed-chunk-52-1.pdf>
[84]
File: 41-Szinek_files/figure-latex/unnamed-chunk-53-1.pdf Graphic file (type pd
f)
<use 41-Szinek_files/figure-latex/unnamed-chunk-53-1.pdf>
File: 41-Szinek_files/figure-latex/unnamed-chunk-54-1.pdf Graphic file (type pd
f)
<use 41-Szinek_files/figure-latex/unnamed-chunk-54-1.pdf>

Underfull \vbox (badness 10000) has occurred while \output is active []

[85]
File: 41-Szinek_files/figure-latex/unnamed-chunk-55-1.pdf Graphic file (type pd
f)
<use 41-Szinek_files/figure-latex/unnamed-chunk-55-1.pdf>
File: 41-Szinek_files/figure-latex/unnamed-chunk-56-1.pdf Graphic file (type pd
f)
<use 41-Szinek_files/figure-latex/unnamed-chunk-56-1.pdf>

Underfull \vbox (badness 10000) has occurred while \output is active []

[86]
File: 41-Szinek_files/figure-latex/unnamed-chunk-57-1.pdf Graphic file (type pd
f)
<use 41-Szinek_files/figure-latex/unnamed-chunk-57-1.pdf>
File: 41-Szinek_files/figure-latex/unnamed-chunk-58-1.pdf Graphic file (type pd
f)
<use 41-Szinek_files/figure-latex/unnamed-chunk-58-1.pdf>

Underfull \vbox (badness 10000) has occurred while \output is active []

[87]
File: 41-Szinek_files/figure-latex/unnamed-chunk-60-1.pdf Graphic file (type pd
f)
<use 41-Szinek_files/figure-latex/unnamed-chunk-60-1.pdf>

Underfull \vbox (badness 10000) has occurred while \output is active []

[88]
File: 41-Szinek_files/figure-latex/unnamed-chunk-61-1.pdf Graphic file (type pd
f)
<use 41-Szinek_files/figure-latex/unnamed-chunk-61-1.pdf>
[89]
File: 41-Szinek_files/figure-latex/unnamed-chunk-62-1.pdf Graphic file (type pd
f)
<use 41-Szinek_files/figure-latex/unnamed-chunk-62-1.pdf>
File: 41-Szinek_files/figure-latex/unnamed-chunk-63-1.pdf Graphic file (type pd
f)
<use 41-Szinek_files/figure-latex/unnamed-chunk-63-1.pdf>
[90]
File: 41-Szinek_files/figure-latex/unnamed-chunk-64-1.pdf Graphic file (type pd
f)
<use 41-Szinek_files/figure-latex/unnamed-chunk-64-1.pdf>
File: 41-Szinek_files/figure-latex/unnamed-chunk-65-1.pdf Graphic file (type pd
f)
<use 41-Szinek_files/figure-latex/unnamed-chunk-65-1.pdf>
[91]
File: 41-Szinek_files/figure-latex/unnamed-chunk-66-1.pdf Graphic file (type pd
f)
<use 41-Szinek_files/figure-latex/unnamed-chunk-66-1.pdf>
File: 41-Szinek_files/figure-latex/unnamed-chunk-67-1.pdf Graphic file (type pd
f)
<use 41-Szinek_files/figure-latex/unnamed-chunk-67-1.pdf>

Underfull \vbox (badness 10000) has occurred while \output is active []

[92]
Underfull \vbox (badness 10000) detected at line 2777
 []


Underfull \vbox (badness 10000) has occurred while \output is active []

[93]
Underfull \vbox (badness 10000) detected at line 2777
 []


Underfull \vbox (badness 10000) detected at line 2777
 []

[94]
Underfull \vbox (badness 10000) detected at line 2777
 []


Underfull \vbox (badness 10000) detected at line 2777
 []

[95]
Underfull \vbox (badness 10000) detected at line 2777
 []


Underfull \vbox (badness 10000) detected at line 2777
 []

[96] [97] [98

]
C f\"uggel\'ek.

Underfull \hbox (badness 2165) in paragraph at lines 2805--2807
\TU/lmtt/m/n/10 typeof()\TU/lmr/m/n/10 , \TU/lmtt/m/n/10 length()\TU/lmr/m/n/10
 . Adattbla defincija, ltrehozsa a \TU/lmtt/m/n/10 data.frame()
 []

[99]
Underfull \hbox (badness 5260) in paragraph at lines 2817--2819
\TU/lmtt/m/n/10 sd() \TU/lmr/m/n/10 stb. Hinyz rtkek kezelse (\TU/lmtt/m/n
/10 na.rm=T\TU/lmr/m/n/10 , \TU/lmtt/m/n/10 is.na()\TU/lmr/m/n/10 , \TU/lmtt/m/
n/10 na.ommit()\TU/lmr/m/n/10 ).
 []


Underfull \hbox (badness 2941) in paragraph at lines 2817--2819
\TU/lmr/m/n/10 Mveletek tbb vltozra s csoportra (\TU/lmtt/m/n/10 apply()\T
U/lmr/m/n/10 , \TU/lmtt/m/n/10 sapply()\TU/lmr/m/n/10 , \TU/lmtt/m/n/10 tapply(
)\TU/lmr/m/n/10 ,
 []


Underfull \hbox (badness 1509) in paragraph at lines 2823--2825
\TU/lmr/m/n/10 A hagyomnyos grafika magasszint fggvnyei. Oszlopdiagram rajz
olsa
 []


Underfull \hbox (badness 1117) in paragraph at lines 2823--2825
\TU/lmr/m/n/10 Hisztogram rajzolsa (\TU/lmtt/m/n/10 hist()\TU/lmr/m/n/10 ). To
vbbi grafikus paramterek: rajzterlet
 []

[100]
Underfull \hbox (badness 6188) in paragraph at lines 2833--2835
\TU/lmr/m/n/10 Numerikusbl numerikus transzformci (tetszleges matematikai f
gg-
 []


Underfull \hbox (badness 6300) in paragraph at lines 2836--2838
\TU/lmr/m/n/10 Adatelkszts egy- s ktmints prbkhoz. Adatbzis ltrehoz
s a
 []


Underfull \hbox (badness 3029) in paragraph at lines 2836--2838
\TU/lmtt/m/n/10 data.frame() \TU/lmr/m/n/10 fggvnnyel a varianciaelemzs szm
ra (kiegyenslyozott
 []


Underfull \hbox (badness 10000) in paragraph at lines 2839--2841
\TU/lmtt/m/n/10 fisher.test()\TU/lmr/m/n/10 , \TU/lmtt/m/n/10 mcnemar.test()\TU
/lmr/m/n/10 , \TU/lmtt/m/n/10 wilcox.test()\TU/lmr/m/n/10 , \TU/lmtt/m/n/10 kru
skal.test() \TU/lmr/m/n/10 s
 []

[101] (aeer.bbl [102]) [103

] (aeer.aux)

LaTeX Warning: There were undefined references.

 ) 
Here is how much of TeX's memory you used:
 24170 strings out of 411044
 457901 string characters out of 2824984
 981468 words of memory out of 3000000
 44415 multiletter control sequences out of 15000+600000
 410051 words of font info for 89 fonts, out of 8000000 for 9000
 1348 hyphenation exceptions out of 8191
 86i,8n,121p,2362b,606s stack positions out of 5000i,500n,10000p,200000b,80000s

Output written on aeer.pdf (103 pages).
